Determining if the pthread_create exist failed with the following output:
Change Dir: /home/xuliang/Desktop/GitRepository/GitHubByxl9605/GraduationDesignByXuLiang/server_stream/cmake-build-debug/CMakeFiles/CMakeTmp

Run Build Command:"/usr/bin/make" "cmTC_7ac8c/fast"
/usr/bin/make -f CMakeFiles/cmTC_7ac8c.dir/build.make CMakeFiles/cmTC_7ac8c.dir/build
make[1]: Entering directory '/mnt/sda1/Program Codes/GitRepository/GitHubByxl9605/GraduationDesignByXuLiang/server_stream/cmake-build-debug/CMakeFiles/CMakeTmp'
Building C object CMakeFiles/cmTC_7ac8c.dir/CheckSymbolExists.c.o
/usr/bin/cc    -o CMakeFiles/cmTC_7ac8c.dir/CheckSymbolExists.c.o   -c /home/xuliang/Desktop/GitRepository/GitHubByxl9605/GraduationDesignByXuLiang/server_stream/cmake-build-debug/CMakeFiles/CMakeTmp/CheckSymbolExists.c
Linking C executable cmTC_7ac8c
/home/xuliang/.local/Jetbrains_CLion/bin/cmake/linux/bin/cmake -E cmake_link_script CMakeFiles/cmTC_7ac8c.dir/link.txt --verbose=1
/usr/bin/cc      CMakeFiles/cmTC_7ac8c.dir/CheckSymbolExists.c.o  -o cmTC_7ac8c 
/usr/bin/ld: CMakeFiles/cmTC_7ac8c.dir/CheckSymbolExists.c.o: in function `main':
CheckSymbolExists.c:(.text+0x1b): undefined reference to `pthread_create'
collect2: error: ld returned 1 exit status
make[1]: *** [CMakeFiles/cmTC_7ac8c.dir/build.make:87: cmTC_7ac8c] Error 1
make[1]: Leaving directory '/mnt/sda1/Program Codes/GitRepository/GitHubByxl9605/GraduationDesignByXuLiang/server_stream/cmake-build-debug/CMakeFiles/CMakeTmp'
make: *** [Makefile:121: cmTC_7ac8c/fast] Error 2

File /home/xuliang/Desktop/GitRepository/GitHubByxl9605/GraduationDesignByXuLiang/server_stream/cmake-build-debug/CMakeFiles/CMakeTmp/CheckSymbolExists.c:
/* */
#include <pthread.h>

int main(int argc, char** argv)
{
  (void)argv;
#ifndef pthread_create
  return ((int*)(&pthread_create))[argc];
#else
  (void)argc;
  return 0;
#endif
}

Determining if the function pthread_create exists in the pthreads failed with the following output:
Change Dir: /home/xuliang/Desktop/GitRepository/GitHubByxl9605/GraduationDesignByXuLiang/server_stream/cmake-build-debug/CMakeFiles/CMakeTmp

Run Build Command:"/usr/bin/make" "cmTC_a6201/fast"
/usr/bin/make -f CMakeFiles/cmTC_a6201.dir/build.make CMakeFiles/cmTC_a6201.dir/build
make[1]: Entering directory '/mnt/sda1/Program Codes/GitRepository/GitHubByxl9605/GraduationDesignByXuLiang/server_stream/cmake-build-debug/CMakeFiles/CMakeTmp'
Building C object CMakeFiles/cmTC_a6201.dir/CheckFunctionExists.c.o
/usr/bin/cc   -DCHECK_FUNCTION_EXISTS=pthread_create   -o CMakeFiles/cmTC_a6201.dir/CheckFunctionExists.c.o   -c /home/xuliang/.local/Jetbrains_CLion/bin/cmake/linux/share/cmake-3.12/Modules/CheckFunctionExists.c
Linking C executable cmTC_a6201
/home/xuliang/.local/Jetbrains_CLion/bin/cmake/linux/bin/cmake -E cmake_link_script CMakeFiles/cmTC_a6201.dir/link.txt --verbose=1
/usr/bin/cc  -DCHECK_FUNCTION_EXISTS=pthread_create    CMakeFiles/cmTC_a6201.dir/CheckFunctionExists.c.o  -o cmTC_a6201 -lpthreads 
/usr/bin/ld: cannot find -lpthreads
collect2: error: ld returned 1 exit status
make[1]: *** [CMakeFiles/cmTC_a6201.dir/build.make:87: cmTC_a6201] Error 1
make[1]: Leaving directory '/mnt/sda1/Program Codes/GitRepository/GitHubByxl9605/GraduationDesignByXuLiang/server_stream/cmake-build-debug/CMakeFiles/CMakeTmp'
make: *** [Makefile:121: cmTC_a6201/fast] Error 2


