Determining if the pthread_create exist failed with the following output:
Change Dir: /home/xuliang/Program_Codes/GitRepository/GitHubByxl9605/GraduationDesignByXuLiang/server_stream/build/CMakeFiles/CMakeTmp

Run Build Command:"/usr/bin/make" "cmTC_6fd41/fast"
/usr/bin/make -f CMakeFiles/cmTC_6fd41.dir/build.make CMakeFiles/cmTC_6fd41.dir/build
make[1]: Entering directory '/mnt/sda1/Program Codes/GitRepository/GitHubByxl9605/GraduationDesignByXuLiang/server_stream/build/CMakeFiles/CMakeTmp'
Building C object CMakeFiles/cmTC_6fd41.dir/CheckSymbolExists.c.o
/usr/bin/cc    -o CMakeFiles/cmTC_6fd41.dir/CheckSymbolExists.c.o   -c /home/xuliang/Program_Codes/GitRepository/GitHubByxl9605/GraduationDesignByXuLiang/server_stream/build/CMakeFiles/CMakeTmp/CheckSymbolExists.c
Linking C executable cmTC_6fd41
/usr/bin/cmake -E cmake_link_script CMakeFiles/cmTC_6fd41.dir/link.txt --verbose=1
/usr/bin/cc      CMakeFiles/cmTC_6fd41.dir/CheckSymbolExists.c.o  -o cmTC_6fd41 
/usr/bin/ld: CMakeFiles/cmTC_6fd41.dir/CheckSymbolExists.c.o: in function `main':
CheckSymbolExists.c:(.text+0x1b): undefined reference to `pthread_create'
collect2: error: ld returned 1 exit status
make[1]: *** [CMakeFiles/cmTC_6fd41.dir/build.make:87: cmTC_6fd41] Error 1
make[1]: Leaving directory '/mnt/sda1/Program Codes/GitRepository/GitHubByxl9605/GraduationDesignByXuLiang/server_stream/build/CMakeFiles/CMakeTmp'
make: *** [Makefile:121: cmTC_6fd41/fast] Error 2

File /home/xuliang/Program_Codes/GitRepository/GitHubByxl9605/GraduationDesignByXuLiang/server_stream/build/CMakeFiles/CMakeTmp/CheckSymbolExists.c:
/* */
#include <pthread.h>

int main(int argc, char** argv)
{
  (void)argv;
#ifndef pthread_create
  return ((int*)(&pthread_create))[argc];
#else
  (void)argc;
  return 0;
#endif
}

Determining if the function pthread_create exists in the pthreads failed with the following output:
Change Dir: /home/xuliang/Program_Codes/GitRepository/GitHubByxl9605/GraduationDesignByXuLiang/server_stream/build/CMakeFiles/CMakeTmp

Run Build Command:"/usr/bin/make" "cmTC_533ea/fast"
/usr/bin/make -f CMakeFiles/cmTC_533ea.dir/build.make CMakeFiles/cmTC_533ea.dir/build
make[1]: Entering directory '/mnt/sda1/Program Codes/GitRepository/GitHubByxl9605/GraduationDesignByXuLiang/server_stream/build/CMakeFiles/CMakeTmp'
Building C object CMakeFiles/cmTC_533ea.dir/CheckFunctionExists.c.o
/usr/bin/cc   -DCHECK_FUNCTION_EXISTS=pthread_create   -o CMakeFiles/cmTC_533ea.dir/CheckFunctionExists.c.o   -c /usr/share/cmake-3.12/Modules/CheckFunctionExists.c
Linking C executable cmTC_533ea
/usr/bin/cmake -E cmake_link_script CMakeFiles/cmTC_533ea.dir/link.txt --verbose=1
/usr/bin/cc  -DCHECK_FUNCTION_EXISTS=pthread_create    CMakeFiles/cmTC_533ea.dir/CheckFunctionExists.c.o  -o cmTC_533ea -lpthreads 
/usr/bin/ld: cannot find -lpthreads
collect2: error: ld returned 1 exit status
make[1]: *** [CMakeFiles/cmTC_533ea.dir/build.make:87: cmTC_533ea] Error 1
make[1]: Leaving directory '/mnt/sda1/Program Codes/GitRepository/GitHubByxl9605/GraduationDesignByXuLiang/server_stream/build/CMakeFiles/CMakeTmp'
make: *** [Makefile:121: cmTC_533ea/fast] Error 2


